2023/07/11 09:26:12 [notice] 1#1: using the "epoll" event method
2023/07/11 09:26:12 [notice] 1#1: nginx/1.25.1
2023/07/11 09:26:12 [notice] 1#1: built by gcc 12.2.1 20220924 (Alpine 12.2.1_git20220924-r4) 
2023/07/11 09:26:12 [notice] 1#1: OS: Linux 5.10.0-23-amd64
2023/07/11 09:26:12 [notice] 1#1: getrlimit(RLIMIT_NOFILE): 1048576:1048576
2023/07/11 09:26:12 [notice] 1#1: start worker processes
2023/07/11 09:26:12 [notice] 1#1: start worker process 28
2023/07/11 09:40:22 [notice] 1#1: signal 3 (SIGQUIT) received, shutting down
2023/07/11 09:40:22 [notice] 28#28: gracefully shutting down
2023/07/11 09:40:22 [notice] 28#28: exiting
2023/07/11 09:40:22 [notice] 28#28: exit
2023/07/11 09:40:22 [notice] 1#1: signal 17 (SIGCHLD) received from 28
2023/07/11 09:40:22 [notice] 1#1: worker process 28 exited with code 0
2023/07/11 09:40:22 [notice] 1#1: exit
2023/07/11 09:40:35 [notice] 1#1: using the "epoll" event method
2023/07/11 09:40:35 [notice] 1#1: nginx/1.25.1
2023/07/11 09:40:35 [notice] 1#1: built by gcc 12.2.1 20220924 (Alpine 12.2.1_git20220924-r4) 
2023/07/11 09:40:35 [notice] 1#1: OS: Linux 5.10.0-23-amd64
2023/07/11 09:40:35 [notice] 1#1: getrlimit(RLIMIT_NOFILE): 1048576:1048576
2023/07/11 09:40:35 [notice] 1#1: start worker processes
2023/07/11 09:40:35 [notice] 1#1: start worker process 29
